# JRE version: Java(TM) SE Runtime Environment (7.0_75-b13) (build 1.7.0_75-b13)
# Java VM: Java HotSpot(TM) 64-Bit Server VM (24.75-b04 mixed mode bsd-amd64 compressed oops)
Heap
 PSYoungGen      total 119296K, used 35403K [0x00000007d5500000, 0x00000007df580000, 0x0000000800000000)
  eden space 85504K, 41% used [0x00000007d5500000,0x00000007d7792dd0,0x00000007da880000)
  from space 33792K, 0% used [0x00000007dcd00000,0x00000007dcd00000,0x00000007dee00000)
  to   space 37376K, 0% used [0x00000007da880000,0x00000007da880000,0x00000007dcd00000)
 ParOldGen       total 96256K, used 22784K [0x0000000780000000, 0x0000000785e00000, 0x00000007d5500000)
  object space 96256K, 23% used [0x0000000780000000,0x00000007816401a8,0x0000000785e00000)
 PSPermGen       total 39936K, used 17747K [0x000000077ae00000, 0x000000077d500000, 0x0000000780000000)
  object space 39936K, 44% used [0x000000077ae00000,0x000000077bf54ec0,0x000000077d500000)
GC Heap History (10 events):
Event: 64.944 GC heap before
{Heap before GC invocations=6 (full 0):
 PSYoungGen      total 38912K, used 32434K [0x00000007d5500000, 0x00000007da300000, 0x0000000800000000)
  eden space 33792K, 84% used [0x00000007d5500000,0x00000007d70d0430,0x00000007d7600000)
  from space 5120K, 77% used [0x00000007d7600000,0x00000007d79dc410,0x00000007d7b00000)
  to   space 6144K, 0% used [0x00000007d9d00000,0x00000007d9d00000,0x00000007da300000)
 ParOldGen       total 87040K, used 28427K [0x0000000780000000, 0x0000000785500000, 0x00000007d5500000)
  object space 87040K, 32% used [0x0000000780000000,0x0000000781bc2c80,0x0000000785500000)
 PSPermGen       total 21504K, used 17716K [0x000000077ae00000, 0x000000077c300000, 0x0000000780000000)
  object space 21504K, 82% used [0x000000077ae00000,0x000000077bf4d1f0,0x000000077c300000)
Event: 64.971 GC heap after
Heap after GC invocations=6 (full 0):
 PSYoungGen      total 51200K, used 6112K [0x00000007d5500000, 0x00000007dcf00000, 0x0000000800000000)
  eden space 45056K, 0% used [0x00000007d5500000,0x00000007d5500000,0x00000007d8100000)
  from space 6144K, 99% used [0x00000007d9d00000,0x00000007da2f8010,0x00000007da300000)
  to   space 28672K, 0% used [0x00000007d8100000,0x00000007d8100000,0x00000007d9d00000)
 ParOldGen       total 87040K, used 67147K [0x0000000780000000, 0x0000000785500000, 0x00000007d5500000)
  object space 87040K, 77% used [0x0000000780000000,0x0000000784192d38,0x0000000785500000)
 PSPermGen       total 21504K, used 17716K [0x000000077ae00000, 0x000000077c300000, 0x0000000780000000)
  object space 21504K, 82% used [0x000000077ae00000,0x000000077bf4d1f0,0x000000077c300000)
}
Event: 64.971 GC heap before
{Heap before GC invocations=7 (full 1):
 PSYoungGen      total 51200K, used 6112K [0x00000007d5500000, 0x00000007dcf00000, 0x0000000800000000)
  eden space 45056K, 0% used [0x00000007d5500000,0x00000007d5500000,0x00000007d8100000)
  from space 6144K, 99% used [0x00000007d9d00000,0x00000007da2f8010,0x00000007da300000)
  to   space 28672K, 0% used [0x00000007d8100000,0x00000007d8100000,0x00000007d9d00000)
 ParOldGen       total 87040K, used 67147K [0x0000000780000000, 0x0000000785500000, 0x00000007d5500000)
  object space 87040K, 77% used [0x0000000780000000,0x0000000784192d38,0x0000000785500000)
 PSPermGen       total 21504K, used 17716K [0x000000077ae00000, 0x000000077c300000, 0x0000000780000000)
  object space 21504K, 82% used [0x000000077ae00000,0x000000077bf4d1f0,0x000000077c300000)
Event: 65.043 GC heap after
Heap after GC invocations=7 (full 1):
 PSYoungGen      total 51200K, used 0K [0x00000007d5500000, 0x00000007dcf00000, 0x0000000800000000)
  eden space 45056K, 0% used [0x00000007d5500000,0x00000007d5500000,0x00000007d8100000)
  from space 6144K, 0% used [0x00000007d9d00000,0x00000007d9d00000,0x00000007da300000)
  to   space 28672K, 0% used [0x00000007d8100000,0x00000007d8100000,0x00000007d9d00000)
 ParOldGen       total 97792K, used 27135K [0x0000000780000000, 0x0000000785f80000, 0x00000007d5500000)
  object space 97792K, 27% used [0x0000000780000000,0x0000000781a7fd68,0x0000000785f80000)
 PSPermGen       total 35840K, used 17708K [0x000000077ae00000, 0x000000077d100000, 0x0000000780000000)
  object space 35840K, 49% used [0x000000077ae00000,0x000000077bf4b188,0x000000077d100000)
}
Event: 71.249 GC heap before
{Heap before GC invocations=8 (full 1):
 PSYoungGen      total 51200K, used 45056K [0x00000007d5500000, 0x00000007dcf00000, 0x0000000800000000)
  eden space 45056K, 100% used [0x00000007d5500000,0x00000007d8100000,0x00000007d8100000)
  from space 6144K, 0% used [0x00000007d9d00000,0x00000007d9d00000,0x00000007da300000)
  to   space 28672K, 0% used [0x00000007d8100000,0x00000007d8100000,0x00000007d9d00000)
 ParOldGen       total 97792K, used 27135K [0x0000000780000000, 0x0000000785f80000, 0x00000007d5500000)
  object space 97792K, 27% used [0x0000000780000000,0x0000000781a7fd68,0x0000000785f80000)
 PSPermGen       total 35840K, used 17726K [0x000000077ae00000, 0x000000077d100000, 0x0000000780000000)
  object space 35840K, 49% used [0x000000077ae00000,0x000000077bf4fb00,0x000000077d100000)
Event: 71.267 GC heap after
Heap after GC invocations=8 (full 1):
 PSYoungGen      total 73728K, used 26266K [0x00000007d5500000, 0x00000007dee00000, 0x0000000800000000)
  eden space 45056K, 0% used [0x00000007d5500000,0x00000007d5500000,0x00000007d8100000)
  from space 28672K, 91% used [0x00000007d8100000,0x00000007d9aa6b10,0x00000007d9d00000)
  to   space 33792K, 0% used [0x00000007dcd00000,0x00000007dcd00000,0x00000007dee00000)
 ParOldGen       total 97792K, used 45567K [0x0000000780000000, 0x0000000785f80000, 0x00000007d5500000)
  object space 97792K, 46% used [0x0000000780000000,0x0000000782c7fd88,0x0000000785f80000)
 PSPermGen       total 35840K, used 17726K [0x000000077ae00000, 0x000000077d100000, 0x0000000780000000)
  object space 35840K, 49% used [0x000000077ae00000,0x000000077bf4fb00,0x000000077d100000)
}
Event: 71.458 GC heap before
{Heap before GC invocations=9 (full 1):
 PSYoungGen      total 73728K, used 70625K [0x00000007d5500000, 0x00000007dee00000, 0x0000000800000000)
  eden space 45056K, 98% used [0x00000007d5500000,0x00000007d8051ae8,0x00000007d8100000)
  from space 28672K, 91% used [0x00000007d8100000,0x00000007d9aa6b10,0x00000007d9d00000)
  to   space 33792K, 0% used [0x00000007dcd00000,0x00000007dcd00000,0x00000007dee00000)
 ParOldGen       total 97792K, used 45567K [0x0000000780000000, 0x0000000785f80000, 0x00000007d5500000)
  object space 97792K, 46% used [0x0000000780000000,0x0000000782c7fd88,0x0000000785f80000)
 PSPermGen       total 35840K, used 17745K [0x000000077ae00000, 0x000000077d100000, 0x0000000780000000)
  object space 35840K, 49% used [0x000000077ae00000,0x000000077bf545a0,0x000000077d100000)
Event: 71.476 GC heap after
Heap after GC invocations=9 (full 1):
 PSYoungGen      total 119296K, used 26842K [0x00000007d5500000, 0x00000007df580000, 0x0000000800000000)
  eden space 85504K, 0% used [0x00000007d5500000,0x00000007d5500000,0x00000007da880000)
  from space 33792K, 79% used [0x00000007dcd00000,0x00000007de736b20,0x00000007dee00000)
  to   space 37376K, 0% used [0x00000007da880000,0x00000007da880000,0x00000007dcd00000)
 ParOldGen       total 97792K, used 63999K [0x0000000780000000, 0x0000000785f80000, 0x00000007d5500000)
  object space 97792K, 65% used [0x0000000780000000,0x0000000783e7fda8,0x0000000785f80000)
 PSPermGen       total 35840K, used 17745K [0x000000077ae00000, 0x000000077d100000, 0x0000000780000000)
  object space 35840K, 49% used [0x000000077ae00000,0x000000077bf545a0,0x000000077d100000)
}
Event: 71.476 GC heap before
{Heap before GC invocations=10 (full 2):
 PSYoungGen      total 119296K, used 26842K [0x00000007d5500000, 0x00000007df580000, 0x0000000800000000)
  eden space 85504K, 0% used [0x00000007d5500000,0x00000007d5500000,0x00000007da880000)
  from space 33792K, 79% used [0x00000007dcd00000,0x00000007de736b20,0x00000007dee00000)
  to   space 37376K, 0% used [0x00000007da880000,0x00000007da880000,0x00000007dcd00000)
 ParOldGen       total 97792K, used 63999K [0x0000000780000000, 0x0000000785f80000, 0x00000007d5500000)
  object space 97792K, 65% used [0x0000000780000000,0x0000000783e7fda8,0x0000000785f80000)
 PSPermGen       total 35840K, used 17745K [0x000000077ae00000, 0x000000077d100000, 0x0000000780000000)
  object space 35840K, 49% used [0x000000077ae00000,0x000000077bf545a0,0x000000077d100000)
Event: 71.524 GC heap after
Heap after GC invocations=10 (full 2):
 PSYoungGen      total 119296K, used 0K [0x00000007d5500000, 0x00000007df580000, 0x0000000800000000)
  eden space 85504K, 0% used [0x00000007d5500000,0x00000007d5500000,0x00000007da880000)
  from space 33792K, 0% used [0x00000007dcd00000,0x00000007dcd00000,0x00000007dee00000)
  to   space 37376K, 0% used [0x00000007da880000,0x00000007da880000,0x00000007dcd00000)
 ParOldGen       total 96256K, used 22784K [0x0000000780000000, 0x0000000785e00000, 0x00000007d5500000)
  object space 96256K, 23% used [0x0000000780000000,0x00000007816401a8,0x0000000785e00000)
 PSPermGen       total 39936K, used 17745K [0x000000077ae00000, 0x000000077d500000, 0x0000000780000000)
  object space 39936K, 44% used [0x000000077ae00000,0x000000077bf54480,0x000000077d500000)
}

