# JRE version: Java(TM) SE Runtime Environment (7.0_75-b13) (build 1.7.0_75-b13)
# Java VM: Java HotSpot(TM) 64-Bit Server VM (24.75-b04 mixed mode bsd-amd64 compressed oops)
Heap
 PSYoungGen      total 117248K, used 89427K [0x00000007d5500000, 0x00000007dd480000, 0x0000000800000000)
  eden space 115200K, 77% used [0x00000007d5500000,0x00000007daba7878,0x00000007dc580000)
  from space 2048K, 33% used [0x00000007dd280000,0x00000007dd32d3b0,0x00000007dd480000)
  to   space 7680K, 0% used [0x00000007dc580000,0x00000007dc580000,0x00000007dcd00000)
 ParOldGen       total 98304K, used 47951K [0x0000000780000000, 0x0000000786000000, 0x00000007d5500000)
  object space 98304K, 48% used [0x0000000780000000,0x0000000782ed3fd0,0x0000000786000000)
 PSPermGen       total 39936K, used 17764K [0x000000077ae00000, 0x000000077d500000, 0x0000000780000000)
  object space 39936K, 44% used [0x000000077ae00000,0x000000077bf59250,0x000000077d500000)
GC Heap History (10 events):
Event: 33.963 GC heap before
{Heap before GC invocations=6 (full 1):
 PSYoungGen      total 38912K, used 4269K [0x00000007d5500000, 0x00000007da300000, 0x0000000800000000)
  eden space 33792K, 0% used [0x00000007d5500000,0x00000007d5500000,0x00000007d7600000)
  from space 5120K, 83% used [0x00000007d7600000,0x00000007d7a2b5b0,0x00000007d7b00000)
  to   space 6144K, 0% used [0x00000007d9d00000,0x00000007d9d00000,0x00000007da300000)
 ParOldGen       total 87040K, used 65297K [0x0000000780000000, 0x0000000785500000, 0x00000007d5500000)
  object space 87040K, 75% used [0x0000000780000000,0x0000000783fc4640,0x0000000785500000)
 PSPermGen       total 21504K, used 17690K [0x000000077ae00000, 0x000000077c300000, 0x0000000780000000)
  object space 21504K, 82% used [0x000000077ae00000,0x000000077bf46a68,0x000000077c300000)
Event: 34.035 GC heap after
Heap after GC invocations=6 (full 1):
 PSYoungGen      total 38912K, used 0K [0x00000007d5500000, 0x00000007da300000, 0x0000000800000000)
  eden space 33792K, 0% used [0x00000007d5500000,0x00000007d5500000,0x00000007d7600000)
  from space 5120K, 0% used [0x00000007d7600000,0x00000007d7600000,0x00000007d7b00000)
  to   space 6144K, 0% used [0x00000007d9d00000,0x00000007d9d00000,0x00000007da300000)
 ParOldGen       total 99328K, used 22561K [0x0000000780000000, 0x0000000786100000, 0x00000007d5500000)
  object space 99328K, 22% used [0x0000000780000000,0x0000000781608778,0x0000000786100000)
 PSPermGen       total 35840K, used 17682K [0x000000077ae00000, 0x000000077d100000, 0x0000000780000000)
  object space 35840K, 49% used [0x000000077ae00000,0x000000077bf44960,0x000000077d100000)
}
Event: 34.970 GC heap before
{Heap before GC invocations=7 (full 1):
 PSYoungGen      total 38912K, used 33792K [0x00000007d5500000, 0x00000007da300000, 0x0000000800000000)
  eden space 33792K, 100% used [0x00000007d5500000,0x00000007d7600000,0x00000007d7600000)
  from space 5120K, 0% used [0x00000007d7600000,0x00000007d7600000,0x00000007d7b00000)
  to   space 6144K, 0% used [0x00000007d9d00000,0x00000007d9d00000,0x00000007da300000)
 ParOldGen       total 99328K, used 22561K [0x0000000780000000, 0x0000000786100000, 0x00000007d5500000)
  object space 99328K, 22% used [0x0000000780000000,0x0000000781608778,0x0000000786100000)
 PSPermGen       total 35840K, used 17683K [0x000000077ae00000, 0x000000077d100000, 0x0000000780000000)
  object space 35840K, 49% used [0x000000077ae00000,0x000000077bf44db0,0x000000077d100000)
Event: 34.974 GC heap after
Heap after GC invocations=7 (full 1):
 PSYoungGen      total 69632K, used 128K [0x00000007d5500000, 0x00000007da200000, 0x0000000800000000)
  eden space 64512K, 0% used [0x00000007d5500000,0x00000007d5500000,0x00000007d9400000)
  from space 5120K, 2% used [0x00000007d9d00000,0x00000007d9d20000,0x00000007da200000)
  to   space 7168K, 0% used [0x00000007d9400000,0x00000007d9400000,0x00000007d9b00000)
 ParOldGen       total 99328K, used 38945K [0x0000000780000000, 0x0000000786100000, 0x00000007d5500000)
  object space 99328K, 39% used [0x0000000780000000,0x0000000782608788,0x0000000786100000)
 PSPermGen       total 35840K, used 17683K [0x000000077ae00000, 0x000000077d100000, 0x0000000780000000)
  object space 35840K, 49% used [0x000000077ae00000,0x000000077bf44db0,0x000000077d100000)
}
Event: 45.388 GC heap before
{Heap before GC invocations=8 (full 1):
 PSYoungGen      total 69632K, used 61689K [0x00000007d5500000, 0x00000007da200000, 0x0000000800000000)
  eden space 64512K, 95% used [0x00000007d5500000,0x00000007d911e640,0x00000007d9400000)
  from space 5120K, 2% used [0x00000007d9d00000,0x00000007d9d20000,0x00000007da200000)
  to   space 7168K, 0% used [0x00000007d9400000,0x00000007d9400000,0x00000007d9b00000)
 ParOldGen       total 99328K, used 38945K [0x0000000780000000, 0x0000000786100000, 0x00000007d5500000)
  object space 99328K, 39% used [0x0000000780000000,0x0000000782608788,0x0000000786100000)
 PSPermGen       total 35840K, used 17716K [0x000000077ae00000, 0x000000077d100000, 0x0000000780000000)
  object space 35840K, 49% used [0x000000077ae00000,0x000000077bf4d3b8,0x000000077d100000)
Event: 45.394 GC heap after
Heap after GC invocations=8 (full 1):
 PSYoungGen      total 71680K, used 784K [0x00000007d5500000, 0x00000007dda00000, 0x0000000800000000)
  eden space 64512K, 0% used [0x00000007d5500000,0x00000007d5500000,0x00000007d9400000)
  from space 7168K, 10% used [0x00000007d9400000,0x00000007d94c4058,0x00000007d9b00000)
  to   space 7680K, 0% used [0x00000007dd280000,0x00000007dd280000,0x00000007dda00000)
 ParOldGen       total 99328K, used 66593K [0x0000000780000000, 0x0000000786100000, 0x00000007d5500000)
  object space 99328K, 67% used [0x0000000780000000,0x00000007841087b8,0x0000000786100000)
 PSPermGen       total 35840K, used 17716K [0x000000077ae00000, 0x000000077d100000, 0x0000000780000000)
  object space 35840K, 49% used [0x000000077ae00000,0x000000077bf4d3b8,0x000000077d100000)
}
Event: 45.394 GC heap before
{Heap before GC invocations=9 (full 2):
 PSYoungGen      total 71680K, used 784K [0x00000007d5500000, 0x00000007dda00000, 0x0000000800000000)
  eden space 64512K, 0% used [0x00000007d5500000,0x00000007d5500000,0x00000007d9400000)
  from space 7168K, 10% used [0x00000007d9400000,0x00000007d94c4058,0x00000007d9b00000)
  to   space 7680K, 0% used [0x00000007dd280000,0x00000007dd280000,0x00000007dda00000)
 ParOldGen       total 99328K, used 66593K [0x0000000780000000, 0x0000000786100000, 0x00000007d5500000)
  object space 99328K, 67% used [0x0000000780000000,0x00000007841087b8,0x0000000786100000)
 PSPermGen       total 35840K, used 17716K [0x000000077ae00000, 0x000000077d100000, 0x0000000780000000)
  object space 35840K, 49% used [0x000000077ae00000,0x000000077bf4d3b8,0x000000077d100000)
Event: 45.439 GC heap after
Heap after GC invocations=9 (full 2):
 PSYoungGen      total 71680K, used 0K [0x00000007d5500000, 0x00000007dda00000, 0x0000000800000000)
  eden space 64512K, 0% used [0x00000007d5500000,0x00000007d5500000,0x00000007d9400000)
  from space 7168K, 0% used [0x00000007d9400000,0x00000007d9400000,0x00000007d9b00000)
  to   space 7680K, 0% used [0x00000007dd280000,0x00000007dd280000,0x00000007dda00000)
 ParOldGen       total 98304K, used 13135K [0x0000000780000000, 0x0000000786000000, 0x00000007d5500000)
  object space 98304K, 13% used [0x0000000780000000,0x0000000780cd3fa0,0x0000000786000000)
 PSPermGen       total 39936K, used 17716K [0x000000077ae00000, 0x000000077d500000, 0x0000000780000000)
  object space 39936K, 44% used [0x000000077ae00000,0x000000077bf4d318,0x000000077d500000)
}
Event: 56.581 GC heap before
{Heap before GC invocations=10 (full 2):
 PSYoungGen      total 71680K, used 60807K [0x00000007d5500000, 0x00000007dda00000, 0x0000000800000000)
  eden space 64512K, 94% used [0x00000007d5500000,0x00000007d9061ea0,0x00000007d9400000)
  from space 7168K, 0% used [0x00000007d9400000,0x00000007d9400000,0x00000007d9b00000)
  to   space 7680K, 0% used [0x00000007dd280000,0x00000007dd280000,0x00000007dda00000)
 ParOldGen       total 98304K, used 13135K [0x0000000780000000, 0x0000000786000000, 0x00000007d5500000)
  object space 98304K, 13% used [0x0000000780000000,0x0000000780cd3fa0,0x0000000786000000)
 PSPermGen       total 39936K, used 17755K [0x000000077ae00000, 0x000000077d500000, 0x0000000780000000)
  object space 39936K, 44% used [0x000000077ae00000,0x000000077bf56d18,0x000000077d500000)
Event: 56.588 GC heap after
Heap after GC invocations=10 (full 2):
 PSYoungGen      total 117248K, used 692K [0x00000007d5500000, 0x00000007dd480000, 0x0000000800000000)
  eden space 115200K, 0% used [0x00000007d5500000,0x00000007d5500000,0x00000007dc580000)
  from space 2048K, 33% used [0x00000007dd280000,0x00000007dd32d3b0,0x00000007dd480000)
  to   space 7680K, 0% used [0x00000007dc580000,0x00000007dc580000,0x00000007dcd00000)
 ParOldGen       total 98304K, used 47951K [0x0000000780000000, 0x0000000786000000, 0x00000007d5500000)
  object space 98304K, 48% used [0x0000000780000000,0x0000000782ed3fd0,0x0000000786000000)
 PSPermGen       total 39936K, used 17755K [0x000000077ae00000, 0x000000077d500000, 0x0000000780000000)
  object space 39936K, 44% used [0x000000077ae00000,0x000000077bf56d18,0x000000077d500000)
}

