# JRE version: Java(TM) SE Runtime Environment (7.0_75-b13) (build 1.7.0_75-b13)
# Java VM: Java HotSpot(TM) 64-Bit Server VM (24.75-b04 mixed mode bsd-amd64 compressed oops)
Heap
 PSYoungGen      total 130560K, used 16458K [0x00000007d5500000, 0x00000007ddd80000, 0x0000000800000000)
  eden space 124416K, 13% used [0x00000007d5500000,0x00000007d64e9e90,0x00000007dce80000)
  from space 6144K, 2% used [0x00000007dd780000,0x00000007dd7a89e0,0x00000007ddd80000)
  to   space 7680K, 0% used [0x00000007dce80000,0x00000007dce80000,0x00000007dd600000)
 ParOldGen       total 119808K, used 65102K [0x0000000780000000, 0x0000000787500000, 0x00000007d5500000)
  object space 119808K, 54% used [0x0000000780000000,0x0000000783f93998,0x0000000787500000)
 PSPermGen       total 35328K, used 17771K [0x000000077ae00000, 0x000000077d080000, 0x0000000780000000)
  object space 35328K, 50% used [0x000000077ae00000,0x000000077bf5afb8,0x000000077d080000)
GC Heap History (10 events):
Event: 47.311 GC heap before
{Heap before GC invocations=5 (full 0):
 PSYoungGen      total 38912K, used 37177K [0x00000007d5500000, 0x00000007d8000000, 0x0000000800000000)
  eden space 33792K, 99% used [0x00000007d5500000,0x00000007d75fe588,0x00000007d7600000)
  from space 5120K, 66% used [0x00000007d7b00000,0x00000007d7e50020,0x00000007d8000000)
  to   space 5120K, 0% used [0x00000007d7600000,0x00000007d7600000,0x00000007d7b00000)
 ParOldGen       total 87040K, used 755K [0x0000000780000000, 0x0000000785500000, 0x00000007d5500000)
  object space 87040K, 0% used [0x0000000780000000,0x00000007800bccb0,0x0000000785500000)
 PSPermGen       total 21504K, used 17606K [0x000000077ae00000, 0x000000077c300000, 0x0000000780000000)
  object space 21504K, 81% used [0x000000077ae00000,0x000000077bf31a60,0x000000077c300000)
Event: 47.351 GC heap after
Heap after GC invocations=5 (full 0):
 PSYoungGen      total 38912K, used 3600K [0x00000007d5500000, 0x00000007da400000, 0x0000000800000000)
  eden space 33792K, 0% used [0x00000007d5500000,0x00000007d5500000,0x00000007d7600000)
  from space 5120K, 70% used [0x00000007d7600000,0x00000007d7984010,0x00000007d7b00000)
  to   space 6656K, 0% used [0x00000007d9d80000,0x00000007d9d80000,0x00000007da400000)
 ParOldGen       total 87040K, used 75715K [0x0000000780000000, 0x0000000785500000, 0x00000007d5500000)
  object space 87040K, 86% used [0x0000000780000000,0x00000007849f0f48,0x0000000785500000)
 PSPermGen       total 21504K, used 17606K [0x000000077ae00000, 0x000000077c300000, 0x0000000780000000)
  object space 21504K, 81% used [0x000000077ae00000,0x000000077bf31a60,0x000000077c300000)
}
Event: 47.358 GC heap before
{Heap before GC invocations=6 (full 1):
 PSYoungGen      total 38912K, used 3600K [0x00000007d5500000, 0x00000007da400000, 0x0000000800000000)
  eden space 33792K, 0% used [0x00000007d5500000,0x00000007d5500000,0x00000007d7600000)
  from space 5120K, 70% used [0x00000007d7600000,0x00000007d7984010,0x00000007d7b00000)
  to   space 6656K, 0% used [0x00000007d9d80000,0x00000007d9d80000,0x00000007da400000)
 ParOldGen       total 87040K, used 75715K [0x0000000780000000, 0x0000000785500000, 0x00000007d5500000)
  object space 87040K, 86% used [0x0000000780000000,0x00000007849f0f48,0x0000000785500000)
 PSPermGen       total 21504K, used 17606K [0x000000077ae00000, 0x000000077c300000, 0x0000000780000000)
  object space 21504K, 81% used [0x000000077ae00000,0x000000077bf31a60,0x000000077c300000)
Event: 47.427 GC heap after
Heap after GC invocations=6 (full 1):
 PSYoungGen      total 38912K, used 0K [0x00000007d5500000, 0x00000007da400000, 0x0000000800000000)
  eden space 33792K, 0% used [0x00000007d5500000,0x00000007d5500000,0x00000007d7600000)
  from space 5120K, 0% used [0x00000007d7600000,0x00000007d7600000,0x00000007d7b00000)
  to   space 6656K, 0% used [0x00000007d9d80000,0x00000007d9d80000,0x00000007da400000)
 ParOldGen       total 119808K, used 32334K [0x0000000780000000, 0x0000000787500000, 0x00000007d5500000)
  object space 119808K, 26% used [0x0000000780000000,0x0000000781f93988,0x0000000787500000)
 PSPermGen       total 35328K, used 17597K [0x000000077ae00000, 0x000000077d080000, 0x0000000780000000)
  object space 35328K, 49% used [0x000000077ae00000,0x000000077bf2f798,0x000000077d080000)
}
Event: 47.898 GC heap before
{Heap before GC invocations=7 (full 1):
 PSYoungGen      total 38912K, used 33721K [0x00000007d5500000, 0x00000007da400000, 0x0000000800000000)
  eden space 33792K, 99% used [0x00000007d5500000,0x00000007d75ee500,0x00000007d7600000)
  from space 5120K, 0% used [0x00000007d7600000,0x00000007d7600000,0x00000007d7b00000)
  to   space 6656K, 0% used [0x00000007d9d80000,0x00000007d9d80000,0x00000007da400000)
 ParOldGen       total 119808K, used 32334K [0x0000000780000000, 0x0000000787500000, 0x00000007d5500000)
  object space 119808K, 26% used [0x0000000780000000,0x0000000781f93988,0x0000000787500000)
 PSPermGen       total 35328K, used 17725K [0x000000077ae00000, 0x000000077d080000, 0x0000000780000000)
  object space 35328K, 50% used [0x000000077ae00000,0x000000077bf4f698,0x000000077d080000)
Event: 47.902 GC heap after
Heap after GC invocations=7 (full 1):
 PSYoungGen      total 71168K, used 200K [0x00000007d5500000, 0x00000007da300000, 0x0000000800000000)
  eden space 65536K, 0% used [0x00000007d5500000,0x00000007d5500000,0x00000007d9500000)
  from space 5632K, 3% used [0x00000007d9d80000,0x00000007d9db22f0,0x00000007da300000)
  to   space 7168K, 0% used [0x00000007d9500000,0x00000007d9500000,0x00000007d9c00000)
 ParOldGen       total 119808K, used 32334K [0x0000000780000000, 0x0000000787500000, 0x00000007d5500000)
  object space 119808K, 26% used [0x0000000780000000,0x0000000781f93988,0x0000000787500000)
 PSPermGen       total 35328K, used 17725K [0x000000077ae00000, 0x000000077d080000, 0x0000000780000000)
  object space 35328K, 50% used [0x000000077ae00000,0x000000077bf4f698,0x000000077d080000)
}
Event: 48.116 GC heap before
{Heap before GC invocations=8 (full 1):
 PSYoungGen      total 71168K, used 51362K [0x00000007d5500000, 0x00000007da300000, 0x0000000800000000)
  eden space 65536K, 78% used [0x00000007d5500000,0x00000007d86f67d0,0x00000007d9500000)
  from space 5632K, 3% used [0x00000007d9d80000,0x00000007d9db22f0,0x00000007da300000)
  to   space 7168K, 0% used [0x00000007d9500000,0x00000007d9500000,0x00000007d9c00000)
 ParOldGen       total 119808K, used 32334K [0x0000000780000000, 0x0000000787500000, 0x00000007d5500000)
  object space 119808K, 26% used [0x0000000780000000,0x0000000781f93988,0x0000000787500000)
 PSPermGen       total 35328K, used 17729K [0x000000077ae00000, 0x000000077d080000, 0x0000000780000000)
  object space 35328K, 50% used [0x000000077ae00000,0x000000077bf50780,0x000000077d080000)
Event: 48.118 GC heap after
Heap after GC invocations=8 (full 1):
 PSYoungGen      total 72704K, used 162K [0x00000007d5500000, 0x00000007ddf00000, 0x0000000800000000)
  eden space 65536K, 0% used [0x00000007d5500000,0x00000007d5500000,0x00000007d9500000)
  from space 7168K, 2% used [0x00000007d9500000,0x00000007d95289e0,0x00000007d9c00000)
  to   space 7680K, 0% used [0x00000007dd780000,0x00000007dd780000,0x00000007ddf00000)
 ParOldGen       total 119808K, used 32334K [0x0000000780000000, 0x0000000787500000, 0x00000007d5500000)
  object space 119808K, 26% used [0x0000000780000000,0x0000000781f93988,0x0000000787500000)
 PSPermGen       total 35328K, used 17729K [0x000000077ae00000, 0x000000077d080000, 0x0000000780000000)
  object space 35328K, 50% used [0x000000077ae00000,0x000000077bf50780,0x000000077d080000)
}
Event: 53.615 GC heap before
{Heap before GC invocations=9 (full 1):
 PSYoungGen      total 72704K, used 65698K [0x00000007d5500000, 0x00000007ddf00000, 0x0000000800000000)
  eden space 65536K, 100% used [0x00000007d5500000,0x00000007d9500000,0x00000007d9500000)
  from space 7168K, 2% used [0x00000007d9500000,0x00000007d95289e0,0x00000007d9c00000)
  to   space 7680K, 0% used [0x00000007dd780000,0x00000007dd780000,0x00000007ddf00000)
 ParOldGen       total 119808K, used 65102K [0x0000000780000000, 0x0000000787500000, 0x00000007d5500000)
  object space 119808K, 54% used [0x0000000780000000,0x0000000783f93998,0x0000000787500000)
 PSPermGen       total 35328K, used 17753K [0x000000077ae00000, 0x000000077d080000, 0x0000000780000000)
  object space 35328K, 50% used [0x000000077ae00000,0x000000077bf56558,0x000000077d080000)
Event: 53.616 GC heap after
Heap after GC invocations=9 (full 1):
 PSYoungGen      total 130560K, used 162K [0x00000007d5500000, 0x00000007ddd80000, 0x0000000800000000)
  eden space 124416K, 0% used [0x00000007d5500000,0x00000007d5500000,0x00000007dce80000)
  from space 6144K, 2% used [0x00000007dd780000,0x00000007dd7a89e0,0x00000007ddd80000)
  to   space 7680K, 0% used [0x00000007dce80000,0x00000007dce80000,0x00000007dd600000)
 ParOldGen       total 119808K, used 65102K [0x0000000780000000, 0x0000000787500000, 0x00000007d5500000)
  object space 119808K, 54% used [0x0000000780000000,0x0000000783f93998,0x0000000787500000)
 PSPermGen       total 35328K, used 17753K [0x000000077ae00000, 0x000000077d080000, 0x0000000780000000)
  object space 35328K, 50% used [0x000000077ae00000,0x000000077bf56558,0x000000077d080000)
}

