# JRE version: Java(TM) SE Runtime Environment (7.0_75-b13) (build 1.7.0_75-b13)
# Java VM: Java HotSpot(TM) 64-Bit Server VM (24.75-b04 mixed mode bsd-amd64 compressed oops)
Heap
 PSYoungGen      total 56320K, used 16556K [0x00000007d5500000, 0x00000007d9500000, 0x0000000800000000)
  eden space 48640K, 33% used [0x00000007d5500000,0x00000007d650b180,0x00000007d8480000)
  from space 7680K, 1% used [0x00000007d8c80000,0x00000007d8ca0000,0x00000007d9400000)
  to   space 8192K, 0% used [0x00000007d8480000,0x00000007d8480000,0x00000007d8c80000)
 ParOldGen       total 120320K, used 93246K [0x0000000780000000, 0x0000000787580000, 0x00000007d5500000)
  object space 120320K, 77% used [0x0000000780000000,0x0000000785b0fab0,0x0000000787580000)
 PSPermGen       total 21504K, used 17816K [0x000000077ae00000, 0x000000077c300000, 0x0000000780000000)
  object space 21504K, 82% used [0x000000077ae00000,0x000000077bf66030,0x000000077c300000)
GC Heap History (10 events):
Event: 123.774 GC heap before
{Heap before GC invocations=8 (full 0):
 PSYoungGen      total 38912K, used 32855K [0x00000007d5500000, 0x00000007d8280000, 0x0000000800000000)
  eden space 32256K, 99% used [0x00000007d5500000,0x00000007d747dd78,0x00000007d7480000)
  from space 6656K, 9% used [0x00000007d7500000,0x00000007d7598000,0x00000007d7b80000)
  to   space 7168K, 0% used [0x00000007d7b80000,0x00000007d7b80000,0x00000007d8280000)
 ParOldGen       total 87040K, used 27543K [0x0000000780000000, 0x0000000785500000, 0x00000007d5500000)
  object space 87040K, 31% used [0x0000000780000000,0x0000000781ae5dd8,0x0000000785500000)
 PSPermGen       total 21504K, used 17775K [0x000000077ae00000, 0x000000077c300000, 0x0000000780000000)
  object space 21504K, 82% used [0x000000077ae00000,0x000000077bf5bf48,0x000000077c300000)
Event: 123.778 GC heap after
Heap after GC invocations=8 (full 0):
 PSYoungGen      total 38912K, used 5077K [0x00000007d5500000, 0x00000007d8300000, 0x0000000800000000)
  eden space 31744K, 0% used [0x00000007d5500000,0x00000007d5500000,0x00000007d7400000)
  from space 7168K, 70% used [0x00000007d7b80000,0x00000007d8075668,0x00000007d8280000)
  to   space 7680K, 0% used [0x00000007d7400000,0x00000007d7400000,0x00000007d7b80000)
 ParOldGen       total 87040K, used 27861K [0x0000000780000000, 0x0000000785500000, 0x00000007d5500000)
  object space 87040K, 32% used [0x0000000780000000,0x0000000781b35618,0x0000000785500000)
 PSPermGen       total 21504K, used 17775K [0x000000077ae00000, 0x000000077c300000, 0x0000000780000000)
  object space 21504K, 82% used [0x000000077ae00000,0x000000077bf5bf48,0x000000077c300000)
}
Event: 124.095 GC heap before
{Heap before GC invocations=9 (full 0):
 PSYoungGen      total 38912K, used 36752K [0x00000007d5500000, 0x00000007d8300000, 0x0000000800000000)
  eden space 31744K, 99% used [0x00000007d5500000,0x00000007d73eed10,0x00000007d7400000)
  from space 7168K, 70% used [0x00000007d7b80000,0x00000007d8075668,0x00000007d8280000)
  to   space 7680K, 0% used [0x00000007d7400000,0x00000007d7400000,0x00000007d7b80000)
 ParOldGen       total 87040K, used 27861K [0x0000000780000000, 0x0000000785500000, 0x00000007d5500000)
  object space 87040K, 32% used [0x0000000780000000,0x0000000781b35618,0x0000000785500000)
 PSPermGen       total 21504K, used 17784K [0x000000077ae00000, 0x000000077c300000, 0x0000000780000000)
  object space 21504K, 82% used [0x000000077ae00000,0x000000077bf5e2d8,0x000000077c300000)
Event: 124.097 GC heap after
Heap after GC invocations=9 (full 0):
 PSYoungGen      total 36352K, used 5092K [0x00000007d5500000, 0x00000007d8280000, 0x0000000800000000)
  eden space 31232K, 0% used [0x00000007d5500000,0x00000007d5500000,0x00000007d7380000)
  from space 5120K, 99% used [0x00000007d7400000,0x00000007d78f9258,0x00000007d7900000)
  to   space 7680K, 0% used [0x00000007d7b00000,0x00000007d7b00000,0x00000007d8280000)
 ParOldGen       total 87040K, used 28029K [0x0000000780000000, 0x0000000785500000, 0x00000007d5500000)
  object space 87040K, 32% used [0x0000000780000000,0x0000000781b5f618,0x0000000785500000)
 PSPermGen       total 21504K, used 17784K [0x000000077ae00000, 0x000000077c300000, 0x0000000780000000)
  object space 21504K, 82% used [0x000000077ae00000,0x000000077bf5e2d8,0x000000077c300000)
}
Event: 124.265 GC heap before
{Heap before GC invocations=10 (full 0):
 PSYoungGen      total 36352K, used 36306K [0x00000007d5500000, 0x00000007d8280000, 0x0000000800000000)
  eden space 31232K, 99% used [0x00000007d5500000,0x00000007d737b898,0x00000007d7380000)
  from space 5120K, 99% used [0x00000007d7400000,0x00000007d78f9258,0x00000007d7900000)
  to   space 7680K, 0% used [0x00000007d7b00000,0x00000007d7b00000,0x00000007d8280000)
 ParOldGen       total 87040K, used 28029K [0x0000000780000000, 0x0000000785500000, 0x00000007d5500000)
  object space 87040K, 32% used [0x0000000780000000,0x0000000781b5f618,0x0000000785500000)
 PSPermGen       total 21504K, used 17790K [0x000000077ae00000, 0x000000077c300000, 0x0000000780000000)
  object space 21504K, 82% used [0x000000077ae00000,0x000000077bf5fb90,0x000000077c300000)
Event: 124.270 GC heap after
Heap after GC invocations=10 (full 0):
 PSYoungGen      total 37888K, used 232K [0x00000007d5500000, 0x00000007d8200000, 0x0000000800000000)
  eden space 30720K, 0% used [0x00000007d5500000,0x00000007d5500000,0x00000007d7300000)
  from space 7168K, 3% used [0x00000007d7b00000,0x00000007d7b3a2f0,0x00000007d8200000)
  to   space 7680K, 0% used [0x00000007d7300000,0x00000007d7300000,0x00000007d7a80000)
 ParOldGen       total 87040K, used 32867K [0x0000000780000000, 0x0000000785500000, 0x00000007d5500000)
  object space 87040K, 37% used [0x0000000780000000,0x0000000782018c90,0x0000000785500000)
 PSPermGen       total 21504K, used 17790K [0x000000077ae00000, 0x000000077c300000, 0x0000000780000000)
  object space 21504K, 82% used [0x000000077ae00000,0x000000077bf5fb90,0x000000077c300000)
}
Event: 124.378 GC heap before
{Heap before GC invocations=11 (full 0):
 PSYoungGen      total 37888K, used 28787K [0x00000007d5500000, 0x00000007d8200000, 0x0000000800000000)
  eden space 30720K, 92% used [0x00000007d5500000,0x00000007d70e2c70,0x00000007d7300000)
  from space 7168K, 3% used [0x00000007d7b00000,0x00000007d7b3a2f0,0x00000007d8200000)
  to   space 7680K, 0% used [0x00000007d7300000,0x00000007d7300000,0x00000007d7a80000)
 ParOldGen       total 87040K, used 56276K [0x0000000780000000, 0x0000000785500000, 0x00000007d5500000)
  object space 87040K, 64% used [0x0000000780000000,0x00000007836f50a0,0x0000000785500000)
 PSPermGen       total 21504K, used 17796K [0x000000077ae00000, 0x000000077c300000, 0x0000000780000000)
  object space 21504K, 82% used [0x000000077ae00000,0x000000077bf61120,0x000000077c300000)
Event: 124.383 GC heap after
Heap after GC invocations=11 (full 0):
 PSYoungGen      total 38400K, used 4224K [0x00000007d5500000, 0x00000007d9400000, 0x0000000800000000)
  eden space 30720K, 0% used [0x00000007d5500000,0x00000007d5500000,0x00000007d7300000)
  from space 7680K, 55% used [0x00000007d7300000,0x00000007d7720010,0x00000007d7a80000)
  to   space 7680K, 0% used [0x00000007d8c80000,0x00000007d8c80000,0x00000007d9400000)
 ParOldGen       total 87040K, used 60462K [0x0000000780000000, 0x0000000785500000, 0x00000007d5500000)
  object space 87040K, 69% used [0x0000000780000000,0x0000000783b0baa0,0x0000000785500000)
 PSPermGen       total 21504K, used 17796K [0x000000077ae00000, 0x000000077c300000, 0x0000000780000000)
  object space 21504K, 82% used [0x000000077ae00000,0x000000077bf61120,0x000000077c300000)
}
Event: 128.615 GC heap before
{Heap before GC invocations=12 (full 0):
 PSYoungGen      total 38400K, used 34944K [0x00000007d5500000, 0x00000007d9400000, 0x0000000800000000)
  eden space 30720K, 100% used [0x00000007d5500000,0x00000007d7300000,0x00000007d7300000)
  from space 7680K, 55% used [0x00000007d7300000,0x00000007d7720010,0x00000007d7a80000)
  to   space 7680K, 0% used [0x00000007d8c80000,0x00000007d8c80000,0x00000007d9400000)
 ParOldGen       total 120320K, used 93230K [0x0000000780000000, 0x0000000787580000, 0x00000007d5500000)
  object space 120320K, 77% used [0x0000000780000000,0x0000000785b0bab0,0x0000000787580000)
 PSPermGen       total 21504K, used 17804K [0x000000077ae00000, 0x000000077c300000, 0x0000000780000000)
  object space 21504K, 82% used [0x000000077ae00000,0x000000077bf633a0,0x000000077c300000)
Event: 128.617 GC heap after
Heap after GC invocations=12 (full 0):
 PSYoungGen      total 56320K, used 128K [0x00000007d5500000, 0x00000007d9500000, 0x0000000800000000)
  eden space 48640K, 0% used [0x00000007d5500000,0x00000007d5500000,0x00000007d8480000)
  from space 7680K, 1% used [0x00000007d8c80000,0x00000007d8ca0000,0x00000007d9400000)
  to   space 8192K, 0% used [0x00000007d8480000,0x00000007d8480000,0x00000007d8c80000)
 ParOldGen       total 120320K, used 93246K [0x0000000780000000, 0x0000000787580000, 0x00000007d5500000)
  object space 120320K, 77% used [0x0000000780000000,0x0000000785b0fab0,0x0000000787580000)
 PSPermGen       total 21504K, used 17804K [0x000000077ae00000, 0x000000077c300000, 0x0000000780000000)
  object space 21504K, 82% used [0x000000077ae00000,0x000000077bf633a0,0x000000077c300000)
}

